Date: 2016-11-25 01:02
Method: reload
User Mode: Free
BackupGuard version: 1.1.26
Supported archive version: 5
Database prefix: wp_
Site URL: http://test.com
Home URL: http://test.com
Uploads path: E:\www\wordpress/wp-content/uploads
Site installation: standard
OS: WINNT
Server: Apache/2.4.18 (Win32) PHP/5.6.19
User agent: Mozilla/5.0 (Windows NT 6.1; WOW64) AppleWebKit/537.36 (KHTML, like Gecko) Chrome/54.0.2840.99 Safari/537.36
PHP version: 5.6.19
SAPI: apache2handler
Codepage: Chinese (Simplified)_People's Republic of China.936
Int size: 4
Int lib: gmp
Memory limit: 128M
Max execution time: 120
Environment: Wordpress 4.5.4
Backup type: files,database

2016-11-25 01:02: Start backup
2016-11-25 01:02: Start backup database
2016-11-25 01:02: Total tables to backup: 12
2016-11-25 01:02: Total rows to backup: 630
2016-11-25 01:02: Start backup table: wp_options
2016-11-25 01:02: End backup table: wp_options
2016-11-25 01:02: Start backup table: wp_commentmeta
2016-11-25 01:02: End backup table: wp_commentmeta
2016-11-25 01:02: Start backup table: wp_comments
2016-11-25 01:02: End backup table: wp_comments
2016-11-25 01:02: Start backup table: wp_links
2016-11-25 01:02: End backup table: wp_links
2016-11-25 01:02: Start backup table: wp_postmeta
2016-11-25 01:02: End backup table: wp_postmeta
2016-11-25 01:02: Start backup table: wp_posts
2016-11-25 01:02: End backup table: wp_posts
2016-11-25 01:02: Start backup table: wp_term_relationships
2016-11-25 01:02: End backup table: wp_term_relationships
2016-11-25 01:02: Start backup table: wp_term_taxonomy
2016-11-25 01:02: End backup table: wp_term_taxonomy
2016-11-25 01:02: Start backup table: wp_termmeta
2016-11-25 01:02: End backup table: wp_termmeta
2016-11-25 01:02: Start backup table: wp_terms
2016-11-25 01:02: End backup table: wp_terms
2016-11-25 01:02: Start backup table: wp_usermeta
2016-11-25 01:02: End backup table: wp_usermeta
2016-11-25 01:02: Start backup table: wp_users
2016-11-25 01:02: End backup table: wp_users
2016-11-25 01:02: End backup database
2016-11-25 01:02: Start backup files
2016-11-25 01:02: Backup files: wp-content,wp-content\uploads\backup-guard\sg_backup_20161125010221\sg_backup_20161125010221.sql
2016-11-25 01:02: Number of files to backup: 2065
2016-11-25 01:02: End backup files
2016-11-25 01:02: End backup
2016-11-25 01:02: Total duration: 10.00 seconds
